<?xml version="1.0" encoding="UTF-8"?>
<!-- Generated by org.testng.reporters.JUnitReportReporter -->
<testsuite hostname="Cnu" name="com.TestNG.Annoations2" tests="2" failures="0" timestamp="5 Mar 2020 13:57:19 GMT" time="0.031" errors="0">
  <testcase name="composeMail" time="0.016" classname="com.TestNG.Annoations2"/>
  <testcase name="inBox" time="0.015" classname="com.TestNG.Annoations2"/>
</testsuite> <!-- com.TestNG.Annoations2 -->
