<?xml version="1.0" encoding="UTF-8"?>
<!-- Generated by org.testng.reporters.JUnitReportReporter -->
<testsuite hostname="Cnu" name="com.NewToursLogInPage_linksTesting.NewTours_LogInPage_linksTesting_CapturingSceenShots" tests="1" failures="0" timestamp="7 Mar 2020 12:52:54 GMT" time="41.494" errors="0">
  <testcase name="links_Test_ScreenShots" time="41.494" classname="com.NewToursLogInPage_linksTesting.NewTours_LogInPage_linksTesting_CapturingSceenShots"/>
</testsuite> <!-- com.NewToursLogInPage_linksTesting.NewTours_LogInPage_linksTesting_CapturingSceenShots -->
