<?xml version="1.0" encoding="UTF-8"?>
<!-- Generated by org.testng.reporters.JUnitReportReporter -->
<testsuite hostname="Cnu" name="com.ScreenShot.ScreenShot_Bing" tests="1" failures="0" timestamp="6 Mar 2020 14:11:10 GMT" time="3.164" errors="0">
  <testcase name="screenShot" time="3.164" classname="com.ScreenShot.ScreenShot_Bing"/>
</testsuite> <!-- com.ScreenShot.ScreenShot_Bing -->
