<?xml version="1.0" encoding="UTF-8"?>
<!-- Generated by org.testng.reporters.JUnitReportReporter -->
<testsuite hostname="Cnu" name="com.WebTable.TimeAndData_CapturingCompleteWebTableData" tests="1" failures="0" timestamp="7 Mar 2020 14:08:32 GMT" time="19.665" errors="0">
  <testcase name="capturingCompleteWebTableData" time="19.665" classname="com.WebTable.TimeAndData_CapturingCompleteWebTableData"/>
</testsuite> <!-- com.WebTable.TimeAndData_CapturingCompleteWebTableData -->
