<?xml version="1.0" encoding="UTF-8"?>
<!-- Generated by org.testng.reporters.JUnitReportReporter -->
<testsuite hostname="Cnu" name="com.NewToursApplication.NewTours_LogInTest" tests="1" failures="0" timestamp="15 Mar 2020 04:48:28 GMT" time="387.423" errors="0">
  <testcase name="logInTest" time="387.423" classname="com.NewToursApplication.NewTours_LogInTest"/>
</testsuite> <!-- com.NewToursApplication.NewTours_LogInTest -->
