<?xml version="1.0" encoding="UTF-8"?>
<!-- Generated by org.testng.reporters.JUnitReportReporter -->
<testsuite hostname="Cnu" name="com.WebTable.TimeAndData_CapturingFirstRowOfFirstColumnData" tests="1" failures="0" timestamp="7 Mar 2020 13:21:31 GMT" time="1.407" errors="0">
  <testcase name="capturingFirstRow_FirstColumn_Data" time="1.407" classname="com.WebTable.TimeAndData_CapturingFirstRowOfFirstColumnData"/>
</testsuite> <!-- com.WebTable.TimeAndData_CapturingFirstRowOfFirstColumnData -->
