<?xml version="1.0" encoding="UTF-8"?>
<!-- Generated by org.testng.reporters.JUnitReportReporter -->
<testsuite hostname="Cnu" name="com.WebTable.DynamicWebTable" tests="1" failures="0" timestamp="8 Mar 2020 04:05:20 GMT" time="19.117" errors="0">
  <testcase name="dynamicWebTable" time="19.117" classname="com.WebTable.DynamicWebTable"/>
</testsuite> <!-- com.WebTable.DynamicWebTable -->
