<?xml version="1.0" encoding="UTF-8"?>
<!-- Generated by org.testng.reporters.JUnitReportReporter -->
<testsuite hostname="Cnu" name="com.WebTable.TimeAndData_CapaturingFirstCoulmnData" tests="1" failures="0" timestamp="7 Mar 2020 13:46:03 GMT" time="2.977" errors="0">
  <testcase name="capturingFirstCoulmnData" time="2.977" classname="com.WebTable.TimeAndData_CapaturingFirstCoulmnData"/>
</testsuite> <!-- com.WebTable.TimeAndData_CapaturingFirstCoulmnData -->
