<?xml version="1.0" encoding="UTF-8"?>
<!-- Generated by org.testng.reporters.JUnitReportReporter -->
<testsuite hostname="Cnu" name="com.NewToursApplication.NewTours_NewUserRegistrationTest" tests="2" failures="0" timestamp="15 Mar 2020 04:48:28 GMT" time="29.709" errors="0">
  <testcase name="aNewUserRegistration" time="28.339" classname="com.NewToursApplication.NewTours_NewUserRegistrationTest"/>
  <testcase name="register" time="1.370" classname="com.NewToursApplication.NewTours_NewUserRegistrationTest"/>
</testsuite> <!-- com.NewToursApplication.NewTours_NewUserRegistrationTest -->
