<?xml version="1.0" encoding="UTF-8"?>
<!-- Generated by org.testng.reporters.JUnitReportReporter -->
<testsuite hostname="Cnu" name="com.RadioButtonsTesting.EchoEcho_RadioButtonsTesting" tests="1" failures="0" timestamp="9 Mar 2020 14:07:49 GMT" time="0.602" errors="0">
  <testcase name="radioButtonTesting" time="0.602" classname="com.RadioButtonsTesting.EchoEcho_RadioButtonsTesting"/>
</testsuite> <!-- com.RadioButtonsTesting.EchoEcho_RadioButtonsTesting -->
