<?xml version="1.0" encoding="UTF-8"?>
<!-- Generated by org.testng.reporters.JUnitReportReporter -->
<testsuite hostname="Cnu" name="com.DragAndDrop.DragAndDrop" tests="1" failures="0" timestamp="6 Mar 2020 13:48:16 GMT" time="2.841" errors="0">
  <testcase name="dragAndDrop" time="2.841" classname="com.DragAndDrop.DragAndDrop"/>
</testsuite> <!-- com.DragAndDrop.DragAndDrop -->
