<?xml version="1.0" encoding="UTF-8"?>
<!-- Generated by org.testng.reporters.JUnitReportReporter -->
<testsuite hostname="Cnu" name="com.TestNG.Annoations1" tests="3" failures="0" timestamp="5 Mar 2020 13:49:57 GMT" time="0.031" errors="0">
  <testcase name="inBox" time="0.000" classname="com.TestNG.Annoations1"/>
  <testcase name="gmailApplicationLaunch" time="0.031" classname="com.TestNG.Annoations1"/>
  <testcase name="sentMail" time="0.000" classname="com.TestNG.Annoations1"/>
</testsuite> <!-- com.TestNG.Annoations1 -->
