<?xml version="1.0" encoding="UTF-8"?>
<!-- Generated by org.testng.reporters.JUnitReportReporter -->
<testsuite hostname="Cnu" name="com.TestNG.Annotaions3" tests="2" failures="0" timestamp="6 Mar 2020 12:37:28 GMT" time="0.037" errors="0">
  <testcase name="composeMail" time="0.017" classname="com.TestNG.Annotaions3"/>
  <testcase name="inBox" time="0.020" classname="com.TestNG.Annotaions3"/>
</testsuite> <!-- com.TestNG.Annotaions3 -->
