<?xml version="1.0" encoding="UTF-8"?>
<!-- Generated by org.testng.reporters.JUnitReportReporter -->
<testsuite hostname="Cnu" name="com.NewToursApplication_TestCases.NewTours_LogInPageTest" tests="3" failures="0" timestamp="10 Mar 2020 14:13:45 GMT" time="69.633" errors="0">
  <testcase name="Register" time="14.271" classname="com.NewToursApplication_TestCases.NewTours_LogInPageTest"/>
  <testcase name="LogIn" time="37.690" classname="com.NewToursApplication_TestCases.NewTours_LogInPageTest"/>
  <testcase name="signOn" time="17.672" classname="com.NewToursApplication_TestCases.NewTours_LogInPageTest"/>
</testsuite> <!-- com.NewToursApplication_TestCases.NewTours_LogInPageTest -->
