<?xml version="1.0" encoding="UTF-8"?>
<!-- Generated by org.testng.reporters.JUnitReportReporter -->
<testsuite skipped="0" hostname="Cnu" name="com.NewTours_TestCases.LogInPageTest" tests="3" failures="0" timestamp="10 Mar 2020 11:37:31 GMT" time="100.803" errors="0">
  <testcase name="Register" time="15.039" classname="com.NewTours_TestCases.LogInPageTest"/>
  <testcase name="Support" time="14.956" classname="com.NewTours_TestCases.LogInPageTest"/>
  <testcase name="logIn" time="70.808" classname="com.NewTours_TestCases.LogInPageTest"/>
</testsuite> <!-- com.NewTours_TestCases.LogInPageTest -->
