<?xml version="1.0" encoding="UTF-8"?>
<!-- Generated by org.testng.reporters.JUnitReportReporter -->
<testsuite skipped="0" hostname="Cnu" name="com.OHRM.OHRM_LogInTest" tests="1" failures="0" timestamp="15 Mar 2020 05:22:12 GMT" time="2.895" errors="0">
  <testcase name="logInTest" time="2.895" classname="com.OHRM.OHRM_LogInTest"/>
</testsuite> <!-- com.OHRM.OHRM_LogInTest -->
